::1 - - [02/Jul/2024:08:46:55 +0000] "POST /api/auth/login HTTP/1.1" 404 154 "-" "PostmanRuntime/7.39.0"
::1 - - [02/Jul/2024:08:47:26 +0000] "POST /api/auth/login HTTP/1.1" 404 154 "-" "PostmanRuntime/7.39.0"
::1 - - [02/Jul/2024:08:47:52 +0000] "POST /api/auth/login HTTP/1.1" 401 93 "-" "PostmanRuntime/7.39.0"
::1 - - [02/Jul/2024:08:48:03 +0000] "POST /api/auth/register HTTP/1.1" 500 1127 "-" "PostmanRuntime/7.39.0"
::1 - - [02/Jul/2024:08:48:18 +0000] "POST /api/auth/register HTTP/1.1" 500 81 "-" "PostmanRuntime/7.39.0"
::1 - - [02/Jul/2024:08:48:39 +0000] "POST /api/auth/register HTTP/1.1" 400 116 "-" "PostmanRuntime/7.39.0"
::1 - - [02/Jul/2024:08:58:11 +0000] "POST /api/auth/register HTTP/1.1" 200 841 "-" "PostmanRuntime/7.39.0"
::1 - - [02/Jul/2024:09:00:05 +0000] "POST /api/auth/register HTTP/1.1" 200 430 "-" "PostmanRuntime/7.39.0"
::1 - - [02/Jul/2024:09:00:49 +0000] "POST /api/auth/login HTTP/1.1" 200 501 "-" "PostmanRuntime/7.39.0"
::1 - - [02/Jul/2024:09:01:22 +0000] "POST /api/auth/register HTTP/1.1" 500 125 "-" "PostmanRuntime/7.39.0"
::1 - - [02/Jul/2024:09:03:37 +0000] "POST /api/auth/register HTTP/1.1" 409 102 "-" "PostmanRuntime/7.39.0"
::1 - - [02/Jul/2024:09:03:43 +0000] "POST /api/auth/register HTTP/1.1" 500 55 "-" "PostmanRuntime/7.39.0"
::1 - - [07/Jul/2024:16:22:42 +0000] "POST /api/auth/register HTTP/1.1" 500 55 "-" "PostmanRuntime/7.39.0"
::1 - - [07/Jul/2024:16:22:54 +0000] "POST /api/auth/register HTTP/1.1" 200 443 "-" "PostmanRuntime/7.39.0"
::1 - - [07/Jul/2024:16:23:15 +0000] "POST /api/auth/login HTTP/1.1" 401 93 "-" "PostmanRuntime/7.39.0"
::1 - - [07/Jul/2024:16:23:30 +0000] "POST /api/auth/check-otp HTTP/1.1" 200 116 "-" "PostmanRuntime/7.39.0"
::1 - - [07/Jul/2024:16:26:23 +0000] "POST /api/auth/login HTTP/1.1" 401 110 "-" "PostmanRuntime/7.39.0"
::1 - - [07/Jul/2024:16:26:29 +0000] "POST /api/auth/login HTTP/1.1" 200 442 "-" "PostmanRuntime/7.39.0"
::1 - - [07/Jul/2024:16:26:49 +0000] "POST /api/auth/logout HTTP/1.1" 200 122 "-" "PostmanRuntime/7.39.0"
::1 - - [16/Jul/2024:07:38:36 +0000] "POST /api/auth/register HTTP/1.1" 400 116 "-" "PostmanRuntime/7.39.0"
::1 - - [16/Jul/2024:07:39:04 +0000] "POST /api/auth/register HTTP/1.1" 500 237 "-" "PostmanRuntime/7.39.0"
::1 - - [16/Jul/2024:07:39:36 +0000] "POST /api/auth/register HTTP/1.1" 400 116 "-" "PostmanRuntime/7.39.0"
::1 - - [16/Jul/2024:07:40:12 +0000] "POST /api/auth/register HTTP/1.1" 500 363 "-" "PostmanRuntime/7.39.0"
::1 - - [16/Jul/2024:07:42:27 +0000] "POST /api/auth/register HTTP/1.1" 500 363 "-" "PostmanRuntime/7.39.0"
::1 - - [16/Jul/2024:07:43:16 +0000] "POST /api/auth/register HTTP/1.1" 500 363 "-" "PostmanRuntime/7.39.0"
::1 - - [16/Jul/2024:07:44:45 +0000] "POST /api/auth/register HTTP/1.1" 200 535 "-" "PostmanRuntime/7.39.0"
::1 - - [16/Jul/2024:07:46:49 +0000] "POST /api/auth/register HTTP/1.1" 200 573 "-" "PostmanRuntime/7.39.0"
::1 - - [16/Jul/2024:07:48:36 +0000] "POST /api/auth/register HTTP/1.1" 400 116 "-" "PostmanRuntime/7.39.0"
::1 - - [16/Jul/2024:07:49:17 +0000] "POST /api/auth/register HTTP/1.1" 409 102 "-" "PostmanRuntime/7.39.0"
::1 - - [16/Jul/2024:07:49:49 +0000] "POST /api/auth/register HTTP/1.1" 409 109 "-" "PostmanRuntime/7.39.0"
::1 - - [16/Jul/2024:07:49:56 +0000] "POST /api/auth/register HTTP/1.1" 200 838 "-" "PostmanRuntime/7.39.0"
::1 - - [16/Jul/2024:08:03:14 +0000] "POST /api/goals HTTP/1.1" 500 138 "-" "PostmanRuntime/7.39.0"
::1 - - [16/Jul/2024:08:04:30 +0000] "POST /api/goals HTTP/1.1" 200 342 "-" "PostmanRuntime/7.39.0"
::1 - - [16/Jul/2024:08:05:06 +0000] "POST /api/goals HTTP/1.1" 200 381 "-" "PostmanRuntime/7.39.0"
::1 - - [16/Jul/2024:08:06:10 +0000] "POST /api/auth/register HTTP/1.1" 400 116 "-" "PostmanRuntime/7.39.0"
::1 - - [16/Jul/2024:08:06:39 +0000] "POST /api/auth/register HTTP/1.1" 400 116 "-" "PostmanRuntime/7.39.0"
::1 - - [16/Jul/2024:08:06:41 +0000] "POST /api/auth/register HTTP/1.1" 400 116 "-" "PostmanRuntime/7.39.0"
::1 - - [16/Jul/2024:08:06:52 +0000] "POST /api/auth/register HTTP/1.1" 409 109 "-" "PostmanRuntime/7.39.0"
::1 - - [16/Jul/2024:08:06:59 +0000] "POST /api/auth/register HTTP/1.1" 500 98 "-" "PostmanRuntime/7.39.0"
::1 - - [16/Jul/2024:08:08:34 +0000] "POST /api/auth/register HTTP/1.1" 409 109 "-" "PostmanRuntime/7.39.0"
::1 - - [16/Jul/2024:08:08:40 +0000] "POST /api/auth/register HTTP/1.1" 200 773 "-" "PostmanRuntime/7.39.0"
::1 - - [16/Jul/2024:08:58:03 +0000] "POST /api/auth/login HTTP/1.1" 401 110 "-" "PostmanRuntime/7.40.0"
::1 - - [16/Jul/2024:08:58:53 +0000] "POST /api/auth/login HTTP/1.1" 401 110 "-" "PostmanRuntime/7.40.0"
::1 - - [16/Jul/2024:08:59:55 +0000] "POST /api/auth/check-otp HTTP/1.1" 400 79 "-" "PostmanRuntime/7.40.0"
::1 - - [16/Jul/2024:09:00:11 +0000] "POST /api/auth/check-otp HTTP/1.1" 400 79 "-" "PostmanRuntime/7.40.0"
::1 - - [16/Jul/2024:09:00:41 +0000] "POST /api/auth/check-otp HTTP/1.1" 200 116 "-" "PostmanRuntime/7.40.0"
::1 - - [16/Jul/2024:09:01:14 +0000] "POST /api/auth/check-otp HTTP/1.1" 400 104 "-" "PostmanRuntime/7.40.0"
::1 - - [16/Jul/2024:09:01:52 +0000] "POST /api/auth/login HTTP/1.1" 500 101 "-" "PostmanRuntime/7.40.0"
::1 - - [16/Jul/2024:09:02:22 +0000] "POST /api/auth/login HTTP/1.1" 200 789 "-" "PostmanRuntime/7.40.0"
::1 - - [16/Jul/2024:09:06:37 +0000] "POST /api/auth/register HTTP/1.1" 400 116 "-" "PostmanRuntime/7.40.0"
::1 - - [16/Jul/2024:09:07:04 +0000] "POST /api/auth/register HTTP/1.1" 200 790 "-" "PostmanRuntime/7.40.0"
::1 - - [16/Jul/2024:09:07:22 +0000] "POST /api/auth/register HTTP/1.1" 400 116 "-" "PostmanRuntime/7.40.0"
::1 - - [16/Jul/2024:09:07:33 +0000] "POST /api/auth/register HTTP/1.1" 400 116 "-" "PostmanRuntime/7.40.0"
::1 - - [16/Jul/2024:09:07:40 +0000] "POST /api/auth/register HTTP/1.1" 409 109 "-" "PostmanRuntime/7.40.0"
::1 - - [16/Jul/2024:09:07:48 +0000] "POST /api/auth/register HTTP/1.1" 200 742 "-" "PostmanRuntime/7.40.0"
::1 - - [16/Jul/2024:09:08:13 +0000] "POST /api/auth/login HTTP/1.1" 401 93 "-" "PostmanRuntime/7.40.0"
::1 - - [16/Jul/2024:09:08:25 +0000] "POST /api/auth/check-otp HTTP/1.1" 400 79 "-" "PostmanRuntime/7.40.0"
::1 - - [16/Jul/2024:09:08:30 +0000] "POST /api/auth/check-otp HTTP/1.1" 400 79 "-" "PostmanRuntime/7.40.0"
::1 - - [16/Jul/2024:09:08:34 +0000] "POST /api/auth/check-otp HTTP/1.1" 400 79 "-" "PostmanRuntime/7.40.0"
::1 - - [16/Jul/2024:09:09:06 +0000] "POST /api/auth/check-otp HTTP/1.1" 200 116 "-" "PostmanRuntime/7.40.0"
::1 - - [16/Jul/2024:09:09:15 +0000] "POST /api/auth/login HTTP/1.1" 200 789 "-" "PostmanRuntime/7.40.0"
::1 - - [16/Jul/2024:09:09:32 +0000] "POST /api/auth/register HTTP/1.1" 400 116 "-" "PostmanRuntime/7.40.0"
::1 - - [16/Jul/2024:09:09:41 +0000] "POST /api/auth/register HTTP/1.1" 200 725 "-" "PostmanRuntime/7.40.0"
::1 - - [16/Jul/2024:11:44:12 +0000] "POST /api/auth/login HTTP/1.1" 200 789 "-" "PostmanRuntime/7.40.0"
::1 - - [16/Jul/2024:11:44:53 +0000] "PATCH /api/users HTTP/1.1" 404 150 "-" "PostmanRuntime/7.40.0"
::1 - - [16/Jul/2024:11:45:05 +0000] "PATCH /api/accounts HTTP/1.1" 403 145 "-" "PostmanRuntime/7.40.0"
::1 - - [16/Jul/2024:11:45:12 +0000] "POST /api/auth/login HTTP/1.1" 200 789 "-" "PostmanRuntime/7.40.0"
::1 - - [16/Jul/2024:11:45:29 +0000] "PATCH /api/accounts HTTP/1.1" 403 145 "-" "PostmanRuntime/7.40.0"
::1 - - [16/Jul/2024:11:46:22 +0000] "POST /api/auth/login HTTP/1.1" 200 789 "-" "PostmanRuntime/7.40.0"
::1 - - [16/Jul/2024:11:46:28 +0000] "PATCH /api/accounts HTTP/1.1" 403 145 "-" "PostmanRuntime/7.40.0"
::1 - - [16/Jul/2024:11:47:38 +0000] "POST /api/auth/login HTTP/1.1" 200 789 "-" "PostmanRuntime/7.40.0"
::1 - - [16/Jul/2024:11:48:16 +0000] "POST /api/auth/login HTTP/1.1" 200 789 "-" "PostmanRuntime/7.40.0"
::1 - - [16/Jul/2024:11:48:27 +0000] "POST /api/auth/login HTTP/1.1" 200 789 "-" "PostmanRuntime/7.40.0"
::1 - - [16/Jul/2024:11:49:01 +0000] "POST /api/auth/login HTTP/1.1" 200 790 "-" "PostmanRuntime/7.40.0"
::1 - - [16/Jul/2024:11:49:29 +0000] "PATCH /api/accounts HTTP/1.1" 403 145 "-" "PostmanRuntime/7.40.0"
::1 - - [16/Jul/2024:11:49:34 +0000] "POST /api/auth/login HTTP/1.1" 200 790 "-" "PostmanRuntime/7.40.0"
::1 - - [16/Jul/2024:11:49:45 +0000] "PATCH /api/accounts HTTP/1.1" 403 145 "-" "PostmanRuntime/7.40.0"
::1 - - [16/Jul/2024:11:50:30 +0000] "POST /api/auth/login HTTP/1.1" 200 790 "-" "PostmanRuntime/7.40.0"
::1 - - [16/Jul/2024:11:50:42 +0000] "POST /api/auth/login HTTP/1.1" 200 790 "-" "PostmanRuntime/7.40.0"
::1 - - [16/Jul/2024:11:50:52 +0000] "PATCH /api/accounts HTTP/1.1" 403 145 "-" "PostmanRuntime/7.40.0"
::1 - - [16/Jul/2024:11:51:10 +0000] "PATCH /api/accounts HTTP/1.1" 403 145 "-" "PostmanRuntime/7.40.0"
::1 - - [16/Jul/2024:11:51:49 +0000] "POST /api/auth/login HTTP/1.1" 200 790 "-" "PostmanRuntime/7.40.0"
::1 - - [16/Jul/2024:11:52:18 +0000] "PATCH /api/accounts HTTP/1.1" 403 145 "-" "PostmanRuntime/7.40.0"
::1 - - [16/Jul/2024:11:53:08 +0000] "PATCH /api/accounts HTTP/1.1" 400 96 "-" "PostmanRuntime/7.40.0"
::1 - - [16/Jul/2024:11:53:43 +0000] "PATCH /api/accounts HTTP/1.1" 403 145 "-" "PostmanRuntime/7.40.0"
::1 - - [16/Jul/2024:11:53:53 +0000] "POST /api/auth/login HTTP/1.1" 200 790 "-" "PostmanRuntime/7.40.0"
::1 - - [16/Jul/2024:11:54:30 +0000] "PATCH /api/accounts HTTP/1.1" 403 145 "-" "PostmanRuntime/7.40.0"
::1 - - [16/Jul/2024:11:55:36 +0000] "PATCH /api/accounts HTTP/1.1" 403 145 "-" "PostmanRuntime/7.40.0"
::1 - - [16/Jul/2024:11:55:50 +0000] "PATCH /api/accounts HTTP/1.1" 400 96 "-" "PostmanRuntime/7.40.0"
::1 - - [16/Jul/2024:11:56:27 +0000] "PATCH /api/accounts HTTP/1.1" 403 145 "-" "PostmanRuntime/7.40.0"
::1 - - [16/Jul/2024:11:56:28 +0000] "PATCH /api/accounts HTTP/1.1" 403 145 "-" "PostmanRuntime/7.40.0"
::1 - - [16/Jul/2024:11:56:34 +0000] "PATCH /api/accounts HTTP/1.1" 400 96 "-" "PostmanRuntime/7.40.0"
::1 - - [16/Jul/2024:11:57:20 +0000] "PATCH /api/accounts HTTP/1.1" 400 96 "-" "PostmanRuntime/7.40.0"
::1 - - [16/Jul/2024:11:58:05 +0000] "PATCH /api/accounts HTTP/1.1" 200 894 "-" "PostmanRuntime/7.40.0"
::1 - - [16/Jul/2024:11:58:32 +0000] "PATCH /api/accounts HTTP/1.1" 500 78 "-" "PostmanRuntime/7.40.0"
::1 - - [16/Jul/2024:11:58:50 +0000] "PATCH /api/accounts HTTP/1.1" 500 78 "-" "PostmanRuntime/7.40.0"
::1 - - [16/Jul/2024:11:59:22 +0000] "POST /api/auth/login HTTP/1.1" 200 787 "-" "PostmanRuntime/7.40.0"
::1 - - [16/Jul/2024:12:00:16 +0000] "PATCH /api/accounts HTTP/1.1" 200 924 "-" "PostmanRuntime/7.40.0"
::1 - - [16/Jul/2024:12:01:13 +0000] "PATCH /api/accounts HTTP/1.1" 200 944 "-" "PostmanRuntime/7.40.0"
::1 - - [18/Jul/2024:12:32:20 +0000] "POST /api/auth/login HTTP/1.1" 401 93 "-" "PostmanRuntime/7.40.0"
::1 - - [18/Jul/2024:12:33:58 +0000] "POST /api/auth/login HTTP/1.1" 401 93 "-" "PostmanRuntime/7.40.0"
::1 - - [18/Jul/2024:12:34:21 +0000] "POST /api/auth/login HTTP/1.1" 401 93 "-" "PostmanRuntime/7.40.0"
::1 - - [18/Jul/2024:12:34:50 +0000] "POST /api/auth/login HTTP/1.1" 401 93 "-" "PostmanRuntime/7.40.0"
::1 - - [18/Jul/2024:12:35:49 +0000] "POST /api/auth/login HTTP/1.1" 401 93 "-" "PostmanRuntime/7.40.0"
::1 - - [18/Jul/2024:12:36:06 +0000] "POST /api/auth/login HTTP/1.1" 401 93 "-" "PostmanRuntime/7.40.0"
::1 - - [18/Jul/2024:12:39:30 +0000] "POST /api/auth/login HTTP/1.1" 401 93 "-" "PostmanRuntime/7.40.0"
::1 - - [18/Jul/2024:12:41:40 +0000] "POST /api/auth/login HTTP/1.1" 200 478 "-" "PostmanRuntime/7.40.0"
::1 - - [19/Jul/2024:11:33:20 +0000] "POST /api/auth/register HTTP/1.1" 500 81 "-" "PostmanRuntime/7.40.0"
::1 - - [19/Jul/2024:11:34:23 +0000] "POST /api/auth/register HTTP/1.1" 200 832 "-" "PostmanRuntime/7.40.0"
::1 - - [19/Jul/2024:11:37:24 +0000] "POST /api/auth/check-otp HTTP/1.1" 200 117 "-" "PostmanRuntime/7.40.0"
::1 - - [19/Jul/2024:11:38:25 +0000] "POST /api/auth/login HTTP/1.1" 401 93 "-" "PostmanRuntime/7.40.0"
::1 - - [19/Jul/2024:11:38:41 +0000] "POST /api/auth/login HTTP/1.1" 401 82 "-" "PostmanRuntime/7.40.0"
::1 - - [19/Jul/2024:11:38:57 +0000] "POST /api/auth/login HTTP/1.1" 200 831 "-" "PostmanRuntime/7.40.0"
::1 - - [19/Jul/2024:11:39:23 +0000] "POST /api/auth/register HTTP/1.1" 401 72 "-" "PostmanRuntime/7.40.0"
::1 - - [19/Jul/2024:11:39:44 +0000] "POST /api/auth/customer-register HTTP/1.1" 200 349 "-" "PostmanRuntime/7.40.0"
::1 - - [19/Jul/2024:11:41:34 +0000] "POST /api/auth/complete-customer-register HTTP/1.1" 500 38 "-" "PostmanRuntime/7.40.0"
::1 - - [19/Jul/2024:11:42:38 +0000] "POST /api/auth/complete-customer-register HTTP/1.1" 500 55 "-" "PostmanRuntime/7.40.0"
::1 - - [19/Jul/2024:11:42:51 +0000] "POST /api/auth/complete-customer-register HTTP/1.1" 401 104 "-" "PostmanRuntime/7.40.0"
::1 - - [19/Jul/2024:11:44:04 +0000] "POST /api/auth/complete-customer-register HTTP/1.1" 401 110 "-" "PostmanRuntime/7.40.0"
::1 - - [19/Jul/2024:11:44:47 +0000] "POST /api/auth/check-otp HTTP/1.1" 200 117 "-" "PostmanRuntime/7.40.0"
::1 - - [19/Jul/2024:11:45:01 +0000] "POST /api/auth/complete-customer-register HTTP/1.1" 200 474 "-" "PostmanRuntime/7.40.0"
